<?xml version="1.0" encoding="UTF-8"?>
<testng-results skipped="0" failed="0" ignored="0" total="1" passed="1">
  <reporter-output>
  </reporter-output>
  <suite name="Default suite" duration-ms="19183" started-at="2019-11-04T20:25:23 EST" finished-at="2019-11-04T20:25:42 EST">
    <groups>
    </groups>
    <test name="Default test" duration-ms="19183" started-at="2019-11-04T20:25:23 EST" finished-at="2019-11-04T20:25:42 EST">
      <class name="com.TestScenarios.FrameSample">
        <test-method status="PASS" signature="beforeClass(java.lang.String)[pri:0, instance:com.TestScenarios.FrameSample@67205a84]" name="beforeClass" is-config="true" duration-ms="5611" started-at="2019-11-04T20:25:23 EST" finished-at="2019-11-04T20:25:28 EST">
          <params>
            <param index="0">
              <value>
                <![CDATA[chrome]]>
              </value>
            </param>
          </params>
          <reporter-output>
          </reporter-output>
        </test-method> <!-- beforeClass -->
        <test-method status="PASS" signature="login()[pri:0, instance:com.TestScenarios.FrameSample@67205a84]" name="login" duration-ms="9066" started-at="2019-11-04T20:25:28 EST" finished-at="2019-11-04T20:25:37 EST">
          <reporter-output>
          </reporter-output>
        </test-method> <!-- login -->
        <test-method status="PASS" signature="afterMethod(org.testng.ITestResult)[pri:0, instance:com.TestScenarios.FrameSample@67205a84]" name="afterMethod" is-config="true" duration-ms="3591" started-at="2019-11-04T20:25:37 EST" finished-at="2019-11-04T20:25:41 EST">
          <params>
            <param index="0">
              <value>
                <![CDATA[[TestResult name=login status=SUCCESS method=FrameSample.login()[pri:0, instance:com.TestScenarios.FrameSample@67205a84] output={null}]]]>
              </value>
            </param>
          </params>
          <reporter-output>
          </reporter-output>
        </test-method> <!-- afterMethod -->
        <test-method status="PASS" signature="afterClass()[pri:0, instance:com.TestScenarios.FrameSample@67205a84]" name="afterClass" is-config="true" duration-ms="787" started-at="2019-11-04T20:25:41 EST" finished-at="2019-11-04T20:25:42 EST">
          <reporter-output>
          </reporter-output>
        </test-method> <!-- afterClass -->
      </class> <!-- com.TestScenarios.FrameSample -->
    </test> <!-- Default test -->
  </suite> <!-- Default suite -->
</testng-results>
